[debug] [2023-08-08T16:30:16.240Z] ----------------------------------------------------------------------
[debug] [2023-08-08T16:30:16.241Z] Command:       C:\Program Files\nodejs\node.exe C:\Users\LENOVO\AppData\Roaming\npm\node_modules\firebase-tools\lib\bin\firebase.js init
[debug] [2023-08-08T16:30:16.242Z] CLI Version:   12.4.7
[debug] [2023-08-08T16:30:16.242Z] Platform:      win32
[debug] [2023-08-08T16:30:16.242Z] Node Version:  v18.16.0
[debug] [2023-08-08T16:30:16.243Z] Time:          Wed Aug 09 2023 00:30:16 GMT+0800 (Malaysia Time)
[debug] [2023-08-08T16:30:16.243Z] ----------------------------------------------------------------------
[debug] 
[debug] [2023-08-08T16:30:16.249Z] > command requires scopes: ["email","openid","https://www.googleapis.com/auth/cloudplatformprojects.readonly","https://www.googleapis.com/auth/firebase","https://www.googleapis.com/auth/cloud-platform"]
[debug] [2023-08-08T16:30:16.249Z] > authorizing via signed-in user (zcreative14@gmail.com)
[info] 
     ######## #### ########  ######## ########     ###     ######  ########
     ##        ##  ##     ## ##       ##     ##  ##   ##  ##       ##
     ######    ##  ########  ######   ########  #########  ######  ######
     ##        ##  ##    ##  ##       ##     ## ##     ##       ## ##
     ##       #### ##     ## ######## ########  ##     ##  ######  ########

You're about to initialize a Firebase project in this directory:

  P:\simple-dev\JavaScript\Share-My-Place-main

[info] 
=== Project Setup
[info] 
[info] First, let's associate this project directory with a Firebase project.
[info] You can create multiple project aliases by running firebase use --add, 
[info] but for now we'll just set up a default project.
[info] 
[info] i  If you want to create a project in a Google Cloud organization or folder, please use "firebase projects:create" instead, and return to this command when you've created the project. 
[debug] [2023-08-08T16:31:08.207Z] >>> [apiv2][query] POST https://cloudresourcemanager.googleapis.com/v1/projects [none]
[debug] [2023-08-08T16:31:08.207Z] >>> [apiv2][body] POST https://cloudresourcemanager.googleapis.com/v1/projects {"projectId":"js-static-hosting","name":"js-static-hosting"}
[debug] [2023-08-08T16:31:09.323Z] <<< [apiv2][status] POST https://cloudresourcemanager.googleapis.com/v1/projects 409
[debug] [2023-08-08T16:31:09.324Z] <<< [apiv2][body] POST https://cloudresourcemanager.googleapis.com/v1/projects {"error":{"code":409,"message":"Requested entity already exists","status":"ALREADY_EXISTS"}}
[debug] [2023-08-08T16:31:09.325Z] FirebaseError: HTTP Error: 409, Requested entity already exists
    at responseToError (C:\Users\LENOVO\AppData\Roaming\npm\node_modules\firebase-tools\lib\responseToError.js:49:12)
    at RetryOperation._fn (C:\Users\LENOVO\AppData\Roaming\npm\node_modules\firebase-tools\lib\apiv2.js:285:77)
    at process.processTicksAndRejections (node:internal/process/task_queues:95:5)
[error] 
[error] Error: Failed to create project because there is already a project with ID js-static-hosting. Please try again with a unique project ID.
[debug] [2023-08-08T16:31:26.047Z] ----------------------------------------------------------------------
[debug] [2023-08-08T16:31:26.049Z] Command:       C:\Program Files\nodejs\node.exe C:\Users\LENOVO\AppData\Roaming\npm\node_modules\firebase-tools\lib\bin\firebase.js init
[debug] [2023-08-08T16:31:26.049Z] CLI Version:   12.4.7
[debug] [2023-08-08T16:31:26.049Z] Platform:      win32
[debug] [2023-08-08T16:31:26.050Z] Node Version:  v18.16.0
[debug] [2023-08-08T16:31:26.050Z] Time:          Wed Aug 09 2023 00:31:26 GMT+0800 (Malaysia Time)
[debug] [2023-08-08T16:31:26.050Z] ----------------------------------------------------------------------
[debug] 
[debug] [2023-08-08T16:31:26.058Z] > command requires scopes: ["email","openid","https://www.googleapis.com/auth/cloudplatformprojects.readonly","https://www.googleapis.com/auth/firebase","https://www.googleapis.com/auth/cloud-platform"]
[debug] [2023-08-08T16:31:26.059Z] > authorizing via signed-in user (zcreative14@gmail.com)
[info] 
     ######## #### ########  ######## ########     ###     ######  ########
     ##        ##  ##     ## ##       ##     ##  ##   ##  ##       ##
     ######    ##  ########  ######   ########  #########  ######  ######
     ##        ##  ##    ##  ##       ##     ## ##     ##       ## ##
     ##       #### ##     ## ######## ########  ##     ##  ######  ########

You're about to initialize a Firebase project in this directory:

  P:\simple-dev\JavaScript\Share-My-Place-main

[info] 
=== Project Setup
[info] 
[info] First, let's associate this project directory with a Firebase project.
[info] You can create multiple project aliases by running firebase use --add, 
[info] but for now we'll just set up a default project.
[info] 
[info] i  If you want to create a project in a Google Cloud organization or folder, please use "firebase projects:create" instead, and return to this command when you've created the project. 
[debug] [2023-08-08T16:32:02.173Z] >>> [apiv2][query] POST https://cloudresourcemanager.googleapis.com/v1/projects [none]
[debug] [2023-08-08T16:32:02.173Z] >>> [apiv2][body] POST https://cloudresourcemanager.googleapis.com/v1/projects {"projectId":"shareplace-app","name":"shareplace-app"}
[debug] [2023-08-08T16:32:03.284Z] <<< [apiv2][status] POST https://cloudresourcemanager.googleapis.com/v1/projects 409
[debug] [2023-08-08T16:32:03.284Z] <<< [apiv2][body] POST https://cloudresourcemanager.googleapis.com/v1/projects {"error":{"code":409,"message":"Requested entity already exists","status":"ALREADY_EXISTS"}}
[debug] [2023-08-08T16:32:03.286Z] FirebaseError: HTTP Error: 409, Requested entity already exists
    at responseToError (C:\Users\LENOVO\AppData\Roaming\npm\node_modules\firebase-tools\lib\responseToError.js:49:12)
    at RetryOperation._fn (C:\Users\LENOVO\AppData\Roaming\npm\node_modules\firebase-tools\lib\apiv2.js:285:77)
    at process.processTicksAndRejections (node:internal/process/task_queues:95:5)
[error] 
[error] Error: Failed to create project because there is already a project with ID shareplace-app. Please try again with a unique project ID.
[debug] [2023-08-08T16:32:17.512Z] ----------------------------------------------------------------------
[debug] [2023-08-08T16:32:17.513Z] Command:       C:\Program Files\nodejs\node.exe C:\Users\LENOVO\AppData\Roaming\npm\node_modules\firebase-tools\lib\bin\firebase.js init
[debug] [2023-08-08T16:32:17.513Z] CLI Version:   12.4.7
[debug] [2023-08-08T16:32:17.513Z] Platform:      win32
[debug] [2023-08-08T16:32:17.514Z] Node Version:  v18.16.0
[debug] [2023-08-08T16:32:17.514Z] Time:          Wed Aug 09 2023 00:32:17 GMT+0800 (Malaysia Time)
[debug] [2023-08-08T16:32:17.514Z] ----------------------------------------------------------------------
[debug] 
[debug] [2023-08-08T16:32:17.521Z] > command requires scopes: ["email","openid","https://www.googleapis.com/auth/cloudplatformprojects.readonly","https://www.googleapis.com/auth/firebase","https://www.googleapis.com/auth/cloud-platform"]
[debug] [2023-08-08T16:32:17.521Z] > authorizing via signed-in user (zcreative14@gmail.com)
[info] 
     ######## #### ########  ######## ########     ###     ######  ########
     ##        ##  ##     ## ##       ##     ##  ##   ##  ##       ##
     ######    ##  ########  ######   ########  #########  ######  ######
     ##        ##  ##    ##  ##       ##     ## ##     ##       ## ##
     ##       #### ##     ## ######## ########  ##     ##  ######  ########

You're about to initialize a Firebase project in this directory:

  P:\simple-dev\JavaScript\Share-My-Place-main

[info] 
=== Project Setup
[info] 
[info] First, let's associate this project directory with a Firebase project.
[info] You can create multiple project aliases by running firebase use --add, 
[info] but for now we'll just set up a default project.
[info] 
[info] i  If you want to create a project in a Google Cloud organization or folder, please use "firebase projects:create" instead, and return to this command when you've created the project. 
[debug] [2023-08-08T16:33:07.639Z] >>> [apiv2][query] POST https://cloudresourcemanager.googleapis.com/v1/projects [none]
[debug] [2023-08-08T16:33:07.639Z] >>> [apiv2][body] POST https://cloudresourcemanager.googleapis.com/v1/projects {"projectId":"shareplace-app-zcreative14","name":"shareplace-app"}
[debug] [2023-08-08T16:33:08.400Z] <<< [apiv2][status] POST https://cloudresourcemanager.googleapis.com/v1/projects 200
[debug] [2023-08-08T16:33:08.401Z] <<< [apiv2][body] POST https://cloudresourcemanager.googleapis.com/v1/projects {"name":"operations/cp.7318676115963969141"}
[debug] [2023-08-08T16:33:08.401Z] >>> [apiv2][query] GET https://cloudresourcemanager.googleapis.com/v1/operations/cp.7318676115963969141 [none]
[debug] [2023-08-08T16:33:09.643Z] <<< [apiv2][status] GET https://cloudresourcemanager.googleapis.com/v1/operations/cp.7318676115963969141 200
[debug] [2023-08-08T16:33:09.644Z] <<< [apiv2][body] GET https://cloudresourcemanager.googleapis.com/v1/operations/cp.7318676115963969141 {"name":"operations/cp.7318676115963969141"}
[debug] [2023-08-08T16:33:10.155Z] [Project Creation Poller] Retrying task index 0
[debug] [2023-08-08T16:33:10.155Z] >>> [apiv2][query] GET https://cloudresourcemanager.googleapis.com/v1/operations/cp.7318676115963969141 [none]
[debug] [2023-08-08T16:33:11.402Z] <<< [apiv2][status] GET https://cloudresourcemanager.googleapis.com/v1/operations/cp.7318676115963969141 200
[debug] [2023-08-08T16:33:11.402Z] <<< [apiv2][body] GET https://cloudresourcemanager.googleapis.com/v1/operations/cp.7318676115963969141 {"name":"operations/cp.7318676115963969141","metadata":{"@type":"type.googleapis.com/google.cloudresourcemanager.v1.ProjectCreationStatus","gettable":true,"ready":true},"done":true,"response":{"@type":"type.googleapis.com/google.cloudresourcemanager.v1.Project","projectNumber":"300692618659","projectId":"shareplace-app-zcreative14","lifecycleState":"ACTIVE","name":"shareplace-app","createTime":"2023-08-08T16:33:09.610Z"}}
[debug] [2023-08-08T16:33:11.403Z] >>> [apiv2][query] POST https://firebase.googleapis.com/v1beta1/projects/shareplace-app-zcreative14:addFirebase [none]
[debug] [2023-08-08T16:33:15.078Z] <<< [apiv2][status] POST https://firebase.googleapis.com/v1beta1/projects/shareplace-app-zcreative14:addFirebase 200
[debug] [2023-08-08T16:33:15.078Z] <<< [apiv2][body] POST https://firebase.googleapis.com/v1beta1/projects/shareplace-app-zcreative14:addFirebase {"name":"operations/workflows/ZDk1MGQ0Y2MtMzA2OC00NDk4LWJlMDktNzgyMmM1ZDc2ZmJm"}
[debug] [2023-08-08T16:33:15.078Z] >>> [apiv2][query] GET https://firebase.googleapis.com/v1beta1/operations/workflows/ZDk1MGQ0Y2MtMzA2OC00NDk4LWJlMDktNzgyMmM1ZDc2ZmJm [none]
[debug] [2023-08-08T16:33:16.172Z] <<< [apiv2][status] GET https://firebase.googleapis.com/v1beta1/operations/workflows/ZDk1MGQ0Y2MtMzA2OC00NDk4LWJlMDktNzgyMmM1ZDc2ZmJm 200
[debug] [2023-08-08T16:33:16.172Z] <<< [apiv2][body] GET https://firebase.googleapis.com/v1beta1/operations/workflows/ZDk1MGQ0Y2MtMzA2OC00NDk4LWJlMDktNzgyMmM1ZDc2ZmJm {"name":"operations/workflows/ZDk1MGQ0Y2MtMzA2OC00NDk4LWJlMDktNzgyMmM1ZDc2ZmJm"}
[debug] [2023-08-08T16:33:16.675Z] [Add Firebase Poller] Retrying task index 0
[debug] [2023-08-08T16:33:16.675Z] >>> [apiv2][query] GET https://firebase.googleapis.com/v1beta1/operations/workflows/ZDk1MGQ0Y2MtMzA2OC00NDk4LWJlMDktNzgyMmM1ZDc2ZmJm [none]
[debug] [2023-08-08T16:33:17.207Z] <<< [apiv2][status] GET https://firebase.googleapis.com/v1beta1/operations/workflows/ZDk1MGQ0Y2MtMzA2OC00NDk4LWJlMDktNzgyMmM1ZDc2ZmJm 200
[debug] [2023-08-08T16:33:17.207Z] <<< [apiv2][body] GET https://firebase.googleapis.com/v1beta1/operations/workflows/ZDk1MGQ0Y2MtMzA2OC00NDk4LWJlMDktNzgyMmM1ZDc2ZmJm {"name":"operations/workflows/ZDk1MGQ0Y2MtMzA2OC00NDk4LWJlMDktNzgyMmM1ZDc2ZmJm"}
[debug] [2023-08-08T16:33:18.212Z] [Add Firebase Poller] Retrying task index 0
[debug] [2023-08-08T16:33:18.212Z] >>> [apiv2][query] GET https://firebase.googleapis.com/v1beta1/operations/workflows/ZDk1MGQ0Y2MtMzA2OC00NDk4LWJlMDktNzgyMmM1ZDc2ZmJm [none]
[debug] [2023-08-08T16:33:18.951Z] <<< [apiv2][status] GET https://firebase.googleapis.com/v1beta1/operations/workflows/ZDk1MGQ0Y2MtMzA2OC00NDk4LWJlMDktNzgyMmM1ZDc2ZmJm 200
[debug] [2023-08-08T16:33:18.951Z] <<< [apiv2][body] GET https://firebase.googleapis.com/v1beta1/operations/workflows/ZDk1MGQ0Y2MtMzA2OC00NDk4LWJlMDktNzgyMmM1ZDc2ZmJm {"name":"operations/workflows/ZDk1MGQ0Y2MtMzA2OC00NDk4LWJlMDktNzgyMmM1ZDc2ZmJm"}
[debug] [2023-08-08T16:33:20.964Z] [Add Firebase Poller] Retrying task index 0
[debug] [2023-08-08T16:33:20.965Z] >>> [apiv2][query] GET https://firebase.googleapis.com/v1beta1/operations/workflows/ZDk1MGQ0Y2MtMzA2OC00NDk4LWJlMDktNzgyMmM1ZDc2ZmJm [none]
[debug] [2023-08-08T16:33:21.696Z] <<< [apiv2][status] GET https://firebase.googleapis.com/v1beta1/operations/workflows/ZDk1MGQ0Y2MtMzA2OC00NDk4LWJlMDktNzgyMmM1ZDc2ZmJm 200
[debug] [2023-08-08T16:33:21.696Z] <<< [apiv2][body] GET https://firebase.googleapis.com/v1beta1/operations/workflows/ZDk1MGQ0Y2MtMzA2OC00NDk4LWJlMDktNzgyMmM1ZDc2ZmJm {"name":"operations/workflows/ZDk1MGQ0Y2MtMzA2OC00NDk4LWJlMDktNzgyMmM1ZDc2ZmJm"}
[debug] [2023-08-08T16:33:25.708Z] [Add Firebase Poller] Retrying task index 0
[debug] [2023-08-08T16:33:25.708Z] >>> [apiv2][query] GET https://firebase.googleapis.com/v1beta1/operations/workflows/ZDk1MGQ0Y2MtMzA2OC00NDk4LWJlMDktNzgyMmM1ZDc2ZmJm [none]
[debug] [2023-08-08T16:33:26.558Z] <<< [apiv2][status] GET https://firebase.googleapis.com/v1beta1/operations/workflows/ZDk1MGQ0Y2MtMzA2OC00NDk4LWJlMDktNzgyMmM1ZDc2ZmJm 200
[debug] [2023-08-08T16:33:26.558Z] <<< [apiv2][body] GET https://firebase.googleapis.com/v1beta1/operations/workflows/ZDk1MGQ0Y2MtMzA2OC00NDk4LWJlMDktNzgyMmM1ZDc2ZmJm {"name":"operations/workflows/ZDk1MGQ0Y2MtMzA2OC00NDk4LWJlMDktNzgyMmM1ZDc2ZmJm","done":true,"response":{"@type":"type.googleapis.com/google.firebase.service.v1beta1.FirebaseProject","projectId":"shareplace-app-zcreative14","projectNumber":"300692618659","displayName":"shareplace-app","name":"projects/shareplace-app-zcreative14","resources":{"hostingSite":"shareplace-app-zcreative14"}}}
[info] 
[info] === Your Firebase project is ready! ===
[info] 
[info] Project information:
[info]    - Project ID: shareplace-app-zcreative14
[info]    - Project Name: shareplace-app
[info] 
[info] Firebase console is available at
[info] https://console.firebase.google.com/project/shareplace-app-zcreative14/overview
[info] i  Using project shareplace-app-zcreative14 (shareplace-app) 
[info] 
=== Hosting Setup
[info] 
[info] Your public directory is the folder (relative to your project directory) that
[info] will contain Hosting assets to be uploaded with firebase deploy. If you
[info] have a build process for your assets, use your build's output directory.
[info] 
[info] +  Wrote dist/404.html 
[debug] [2023-08-08T16:34:46.178Z] >>> [apiv2][query] GET https://www.gstatic.com/firebasejs/releases.json [none]
[debug] [2023-08-08T16:34:46.357Z] <<< [apiv2][status] GET https://www.gstatic.com/firebasejs/releases.json 200
[debug] [2023-08-08T16:34:46.357Z] <<< [apiv2][body] GET https://www.gstatic.com/firebasejs/releases.json {"current":{"version":"10.1.0","browserURL":"https://www.gstatic.com/firebasejs/10.1.0/firebase.js","packageURL":"https://www.gstatic.com/firebasejs/10.1.0/firebase.tgz"},"live":{"version":"10.1","browserURL":"https://www.gstatic.com/firebasejs/live/10.1/firebase.js","packageURL":"https://www.gstatic.com/firebasejs/live/10.1/firebase.tgz"},"components":{"analytics":"https://www.gstatic.com/firebasejs/10.1.0/firebase-analytics.js","app":"https://www.gstatic.com/firebasejs/10.1.0/firebase-app.js","app-check":"https://www.gstatic.com/firebasejs/10.1.0/firebase-app-check.js","auth":"https://www.gstatic.com/firebasejs/10.1.0/firebase-auth.js","auth/cordova":"https://www.gstatic.com/firebasejs/10.1.0/firebase-auth/cordova.js","functions":"https://www.gstatic.com/firebasejs/10.1.0/firebase-functions.js","firestore":"https://www.gstatic.com/firebasejs/10.1.0/firebase-firestore.js","firestore/lite":"https://www.gstatic.com/firebasejs/10.1.0/firebase-firestore/lite.js","installations":"https://www.gstatic.com/firebasejs/10.1.0/firebase-installations.js","storage":"https://www.gstatic.com/firebasejs/10.1.0/firebase-storage.js","performance":"https://www.gstatic.com/firebasejs/10.1.0/firebase-performance.js","remote-config":"https://www.gstatic.com/firebasejs/10.1.0/firebase-remote-config.js","messaging":"https://www.gstatic.com/firebasejs/10.1.0/firebase-messaging.js","messaging/sw":"https://www.gstatic.com/firebasejs/10.1.0/firebase-messaging/sw.js","database":"https://www.gstatic.com/firebasejs/10.1.0/firebase-database.js","firestore.memory":"https://www.gstatic.com/firebasejs/10.1.0/firebase-firestore.memory.js"}}
[info] i  Skipping write of dist/index.html 
[info] 
[info] i  Didn't detect a .git folder. Assuming P:\simple-dev\JavaScript\Share-My-Place-main is the project root. 
[info] i  Authorizing with GitHub to upload your service account to a GitHub repository's secrets store. 
[info] 
[info] Visit this URL on this device to log in:
[info] https://github.com/login/oauth/authorize?client_id=89cf50f02ac6aaed3484&state=421050076&redirect_uri=http%3A%2F%2Flocalhost%3A9005&scope=read%3Auser%20repo%20public_repo
[info] 
[info] Waiting for authentication...
[debug] [2023-08-08T16:35:22.784Z] >>> [apiv2][query] POST https://github.com/login/oauth/access_token [none]
[debug] [2023-08-08T16:35:22.785Z] >>> [apiv2][body] POST https://github.com/login/oauth/access_token [stream]
[debug] [2023-08-08T16:35:25.865Z] <<< [apiv2][status] POST https://github.com/login/oauth/access_token 200
[debug] [2023-08-08T16:35:25.865Z] <<< [apiv2][body] POST https://github.com/login/oauth/access_token {"access_token":"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","token_type":"bearer","scope":"read:user,repo"}
[debug] [2023-08-08T16:35:25.867Z] >>> [apiv2][query] GET https://api.github.com/user [none]
[debug] [2023-08-08T16:35:28.888Z] <<< [apiv2][status] GET https://api.github.com/user 200
[debug] [2023-08-08T16:35:28.888Z] <<< [apiv2][body] GET https://api.github.com/user {"login":"zaimabdullah","id":36534973,"node_id":"MDQ6VXNlcjM2NTM0OTcz","avatar_url":"https://avatars.githubusercontent.com/u/36534973?v=4","gravatar_id":"","url":"https://api.github.com/users/zaimabdullah","html_url":"https://github.com/zaimabdullah","followers_url":"https://api.github.com/users/zaimabdullah/followers","following_url":"https://api.github.com/users/zaimabdullah/following{/other_user}","gists_url":"https://api.github.com/users/zaimabdullah/gists{/gist_id}","starred_url":"https://api.github.com/users/zaimabdullah/starred{/owner}{/repo}","subscriptions_url":"https://api.github.com/users/zaimabdullah/subscriptions","organizations_url":"https://api.github.com/users/zaimabdullah/orgs","repos_url":"https://api.github.com/users/zaimabdullah/repos","events_url":"https://api.github.com/users/zaimabdullah/events{/privacy}","received_events_url":"https://api.github.com/users/zaimabdullah/received_events","type":"User","site_admin":false,"name":"Husni Zaim","company":"UiTM Jasin, Melaka","blog":"husnizaim.com","location":"Kelantan, Malaysia","email":"husnizaim97@gmail.com","hireable":null,"bio":"newbie :)\r\nlearn programming","twitter_username":null,"public_repos":14,"public_gists":0,"followers":17,"following":39,"created_at":"2018-02-16T11:02:38Z","updated_at":"2023-07-30T00:40:43Z","private_gists":0,"total_private_repos":0,"owned_private_repos":0,"disk_usage":62093,"collaborators":0,"two_factor_authentication":false,"plan":{"name":"free","space":976562499,"collaborators":0,"private_repos":10000}}
[info] 
[info] +  Success! Logged into GitHub as zaimabdullah 
[info] 
